<?xml version="1.0" encoding="UTF-8"?>
<testng-results skipped="0" failed="0" ignored="3" total="7" passed="4">
  <reporter-output>
  </reporter-output>
  <suite name="All Test Suite" duration-ms="11304" started-at="2021-10-23T14:10:35 EDT" finished-at="2021-10-23T14:10:47 EDT">
    <groups>
      <group name="smoke">
        <method signature="LoginTest.invalidLoginErrorMessageValidation(java.lang.String, java.lang.String, java.lang.String)[pri:0, instance:testcases.LoginTest@3a883ce7]" name="invalidLoginErrorMessageValidation" class="testcases.LoginTest"/>
      </group> <!-- smoke -->
    </groups>
    <test name="C:/Users/nicoo/eclipse-workspace/TestNgFrameworkBatch10" duration-ms="11304" started-at="2021-10-23T14:10:35 EDT" finished-at="2021-10-23T14:10:47 EDT">
      <class name="testcases.LoginTest">
        <test-method status="PASS" signature="openBrowser()[pri:0, instance:testcases.LoginTest@3a883ce7]" name="openBrowser" is-config="true" duration-ms="2526" started-at="2021-10-23T14:10:35 EDT" finished-at="2021-10-23T14:10:38 EDT">
          <reporter-output>
          </reporter-output>
        </test-method> <!-- openBrowser -->
        <test-method status="PASS" signature="invalidLoginErrorMessageValidation(java.lang.String, java.lang.String, java.lang.String)[pri:0, instance:testcases.LoginTest@3a883ce7]" name="invalidLoginErrorMessageValidation" duration-ms="504" started-at="2021-10-23T14:10:38 EDT" data-provider="invalidData" finished-at="2021-10-23T14:10:38 EDT">
          <params>
            <param index="0">
              <value>
                <![CDATA[James]]>
              </value>
            </param>
            <param index="1">
              <value>
                <![CDATA[123!]]>
              </value>
            </param>
            <param index="2">
              <value>
                <![CDATA[Invalid credentials]]>
              </value>
            </param>
          </params>
          <reporter-output>
          </reporter-output>
        </test-method> <!-- invalidLoginErrorMessageValidation -->
        <test-method status="PASS" signature="tearDown()[pri:0, instance:testcases.LoginTest@3a883ce7]" name="tearDown" is-config="true" duration-ms="595" started-at="2021-10-23T14:10:38 EDT" finished-at="2021-10-23T14:10:39 EDT">
          <reporter-output>
          </reporter-output>
        </test-method> <!-- tearDown -->
        <test-method status="PASS" signature="openBrowser()[pri:0, instance:testcases.LoginTest@3a883ce7]" name="openBrowser" is-config="true" duration-ms="1468" started-at="2021-10-23T14:10:39 EDT" finished-at="2021-10-23T14:10:40 EDT">
          <reporter-output>
          </reporter-output>
        </test-method> <!-- openBrowser -->
        <test-method status="PASS" signature="invalidLoginErrorMessageValidation(java.lang.String, java.lang.String, java.lang.String)[pri:0, instance:testcases.LoginTest@3a883ce7]" name="invalidLoginErrorMessageValidation" duration-ms="478" started-at="2021-10-23T14:10:40 EDT" data-provider="invalidData" finished-at="2021-10-23T14:10:41 EDT">
          <params>
            <param index="0">
              <value>
                <![CDATA[Admin1]]>
              </value>
            </param>
            <param index="1">
              <value>
                <![CDATA[Hum@nhrm123]]>
              </value>
            </param>
            <param index="2">
              <value>
                <![CDATA[Invalid credentials]]>
              </value>
            </param>
          </params>
          <reporter-output>
          </reporter-output>
        </test-method> <!-- invalidLoginErrorMessageValidation -->
        <test-method status="PASS" signature="tearDown()[pri:0, instance:testcases.LoginTest@3a883ce7]" name="tearDown" is-config="true" duration-ms="601" started-at="2021-10-23T14:10:41 EDT" finished-at="2021-10-23T14:10:42 EDT">
          <reporter-output>
          </reporter-output>
        </test-method> <!-- tearDown -->
        <test-method status="PASS" signature="openBrowser()[pri:0, instance:testcases.LoginTest@3a883ce7]" name="openBrowser" is-config="true" duration-ms="1379" started-at="2021-10-23T14:10:42 EDT" finished-at="2021-10-23T14:10:43 EDT">
          <reporter-output>
          </reporter-output>
        </test-method> <!-- openBrowser -->
        <test-method status="PASS" signature="invalidLoginErrorMessageValidation(java.lang.String, java.lang.String, java.lang.String)[pri:0, instance:testcases.LoginTest@3a883ce7]" name="invalidLoginErrorMessageValidation" duration-ms="318" started-at="2021-10-23T14:10:43 EDT" data-provider="invalidData" finished-at="2021-10-23T14:10:43 EDT">
          <params>
            <param index="0">
              <value>
                <![CDATA[Admin]]>
              </value>
            </param>
            <param index="1">
              <value>
                <![CDATA[]]>
              </value>
            </param>
            <param index="2">
              <value>
                <![CDATA[Password cannot be empty]]>
              </value>
            </param>
          </params>
          <reporter-output>
          </reporter-output>
        </test-method> <!-- invalidLoginErrorMessageValidation -->
        <test-method status="PASS" signature="tearDown()[pri:0, instance:testcases.LoginTest@3a883ce7]" name="tearDown" is-config="true" duration-ms="596" started-at="2021-10-23T14:10:43 EDT" finished-at="2021-10-23T14:10:44 EDT">
          <reporter-output>
          </reporter-output>
        </test-method> <!-- tearDown -->
        <test-method status="PASS" signature="openBrowser()[pri:0, instance:testcases.LoginTest@3a883ce7]" name="openBrowser" is-config="true" duration-ms="1405" started-at="2021-10-23T14:10:44 EDT" finished-at="2021-10-23T14:10:45 EDT">
          <reporter-output>
          </reporter-output>
        </test-method> <!-- openBrowser -->
        <test-method status="PASS" signature="invalidLoginErrorMessageValidation(java.lang.String, java.lang.String, java.lang.String)[pri:0, instance:testcases.LoginTest@3a883ce7]" name="invalidLoginErrorMessageValidation" duration-ms="330" started-at="2021-10-23T14:10:45 EDT" data-provider="invalidData" finished-at="2021-10-23T14:10:46 EDT">
          <params>
            <param index="0">
              <value>
                <![CDATA[]]>
              </value>
            </param>
            <param index="1">
              <value>
                <![CDATA[Hum@nhrm123]]>
              </value>
            </param>
            <param index="2">
              <value>
                <![CDATA[Username cannot be empty]]>
              </value>
            </param>
          </params>
          <reporter-output>
          </reporter-output>
        </test-method> <!-- invalidLoginErrorMessageValidation -->
        <test-method status="PASS" signature="tearDown()[pri:0, instance:testcases.LoginTest@3a883ce7]" name="tearDown" is-config="true" duration-ms="592" started-at="2021-10-23T14:10:46 EDT" finished-at="2021-10-23T14:10:47 EDT">
          <reporter-output>
          </reporter-output>
        </test-method> <!-- tearDown -->
      </class> <!-- testcases.LoginTest -->
    </test> <!-- C:/Users/nicoo/eclipse-workspace/TestNgFrameworkBatch10 -->
  </suite> <!-- All Test Suite -->
</testng-results>
